#
# There is insufficient memory for the Java Runtime Environment to continue.
# Native memory allocation (mmap) failed to map 132120576 bytes for G1 virtual space
# Possible reasons:
#   The system is out of physical RAM or swap space
#   The process is running with CompressedOops enabled, and the Java Heap may be blocking the growth of the native heap
# Possible solutions:
#   Reduce memory load on the system
#   Increase physical memory or swap space
#   Check if swap backing store is full
#   Decrease Java heap size (-Xmx/-Xms)
#   Decrease number of Java threads
#   Decrease Java thread stack sizes (-Xss)
#   Set larger code cache with -XX:ReservedCodeCacheSize=
#   JVM is running with Unscaled Compressed Oops mode in which the Java heap is
#     placed in the first 4GB address space. The Java Heap base address is the
#     maximum limit for the native heap growth. Please use -XX:HeapBaseMinAddress
#     to set the Java Heap base and to place the Java Heap above 4GB virtual address.
# This output file may be truncated or incomplete.
#
#  Out of Memory Error (os_windows.cpp:3548), pid=7420, tid=4512
#
# JRE version:  (17.0.12+8) (build )
# Java VM: Java HotSpot(TM) 64-Bit Server VM (17.0.12+8-LTS-286, mixed mode, sharing, tiered, compressed oops, compressed class ptrs, g1 gc, windows-amd64)
# No core dump will be written. Minidumps are not enabled by default on client versions of Windows
#

---------------  S U M M A R Y ------------

Command Line: -javaagent:C:\Program Files\JetBrains\IntelliJ IDEA Community Edition 2024.1.4\lib\idea_rt.jar=50119:C:\Program Files\JetBrains\IntelliJ IDEA Community Edition 2024.1.4\bin -Dfile.encoding=UTF-8 com.yaswanth.Searching

Host: 11th Gen Intel(R) Core(TM) i3-1115G4 @ 3.00GHz, 4 cores, 7G,  Windows 11 , 64 bit Build 22621 (10.0.22621.3958)
Time: Tue Oct  1 15:19:14 2024 India Standard Time elapsed time: 0.022152 seconds (0d 0h 0m 0s)

---------------  T H R E A D  ---------------

Current thread (0x0000022522401410):  JavaThread "Unknown thread" [_thread_in_vm, id=4512, stack(0x000000b03b500000,0x000000b03b600000)]

Stack: [0x000000b03b500000,0x000000b03b600000]
Native frames: (J=compiled Java code, j=interpreted, Vv=VM code, C=native code)
V  [jvm.dll+0x67a04a]
V  [jvm.dll+0x7da4ed]
V  [jvm.dll+0x7dbe33]
V  [jvm.dll+0x7dc4a3]
V  [jvm.dll+0x24508f]
V  [jvm.dll+0x677089]
V  [jvm.dll+0x66bd32]
V  [jvm.dll+0x301fa6]
V  [jvm.dll+0x309546]
V  [jvm.dll+0x359d2e]
V  [jvm.dll+0x359f5f]
V  [jvm.dll+0x2d9078]
V  [jvm.dll+0x2d9fe4]
V  [jvm.dll+0x7aca21]
V  [jvm.dll+0x367591]
V  [jvm.dll+0x78b999]
V  [jvm.dll+0x3ec83f]
V  [jvm.dll+0x3ee471]
C  [jli.dll+0x5297]
C  [ucrtbase.dll+0x29333]
C  [KERNEL32.DLL+0x1257d]
C  [ntdll.dll+0x5af28]


---------------  P R O C E S S  ---------------

Threads class SMR info:
_java_thread_list=0x00007ffe79127a18, length=0, elements={
}

Java Threads: ( => current thread )

Other Threads:
  0x000002252245a3a0 GCTaskThread "GC Thread#0" [stack: 0x000000b03b600000,0x000000b03b700000] [id=1624]
  0x000002252246acb0 ConcurrentGCThread "G1 Main Marker" [stack: 0x000000b03b700000,0x000000b03b800000] [id=5132]
  0x000002252246be60 ConcurrentGCThread "G1 Conc#0" [stack: 0x000000b03b800000,0x000000b03b900000] [id=10388]

[error occurred during error reporting (printing all threads), id 0xc0000005, EXCEPTION_ACCESS_VIOLATION (0xc0000005) at pc=0x00007ffe78959b67]

VM state: not at safepoint (not fully initialized)

VM Mutex/Monitor currently owned by a thread:  ([mutex/lock_event])
[0x00000225223fd120] Heap_lock - owner thread: 0x0000022522401410

Heap address: 0x0000000083200000, size: 1998 MB, Compressed Oops mode: 32-bit

CDS archive(s) mapped at: [0x0000000000000000-0x0000000000000000-0x0000000000000000), size 0, SharedBaseAddress: 0x0000000800000000, ArchiveRelocationMode: 1.
Narrow klass base: 0x0000000000000000, Narrow klass shift: 0, Narrow klass range: 0x0

GC Precious Log:
<Empty>

Heap:
 garbage-first heap   total 0K, used 0K [0x0000000083200000, 0x0000000100000000)
  region size 1024K, 0 young (0K), 0 survivors (0K)

[error occurred during error reporting (printing heap information), id 0xc0000005, EXCEPTION_ACCESS_VIOLATION (0xc0000005) at pc=0x00007ffe78d43859]

GC Heap History (0 events):
No events

Deoptimization events (0 events):
No events

Classes unloaded (0 events):
No events

Classes redefined (0 events):
No events

Internal exceptions (0 events):
No events

VM Operations (0 events):
No events

Events (1 events):
Event: 0.018 Loaded shared library C:\Program Files\Java\jdk-17\bin\java.dll


Dynamic libraries:
0x00007ff656390000 - 0x00007ff6563a0000 	C:\Program Files\Java\jdk-17\bin\java.exe
0x00007ffef46d0000 - 0x00007ffef48e7000 	C:\WINDOWS\SYSTEM32\ntdll.dll
0x00007ffef3690000 - 0x00007ffef3754000 	C:\WINDOWS\System32\KERNEL32.DLL
0x00007ffef1f30000 - 0x00007ffef22dd000 	C:\WINDOWS\System32\KERNELBASE.dll
0x00007ffef1da0000 - 0x00007ffef1eb1000 	C:\WINDOWS\System32\ucrtbase.dll
0x00007ffeec320000 - 0x00007ffeec33b000 	C:\Program Files\Java\jdk-17\bin\VCRUNTIME140.dll
0x00007ffed0550000 - 0x00007ffed0569000 	C:\Program Files\Java\jdk-17\bin\jli.dll
0x00007ffef4540000 - 0x00007ffef45f2000 	C:\WINDOWS\System32\ADVAPI32.dll
0x00007ffef3aa0000 - 0x00007ffef3b47000 	C:\WINDOWS\System32\msvcrt.dll
0x00007ffef38d0000 - 0x00007ffef3979000 	C:\WINDOWS\System32\sechost.dll
0x00007ffef19f0000 - 0x00007ffef1a18000 	C:\WINDOWS\System32\bcrypt.dll
0x00007ffef3980000 - 0x00007ffef3a94000 	C:\WINDOWS\System32\RPCRT4.dll
0x00007ffef3b50000 - 0x00007ffef3cfe000 	C:\WINDOWS\System32\USER32.dll
0x00007ffef1ae0000 - 0x00007ffef1b06000 	C:\WINDOWS\System32\win32u.dll
0x00007ffef4600000 - 0x00007ffef4629000 	C:\WINDOWS\System32\GDI32.dll
0x00007ffef22e0000 - 0x00007ffef23f9000 	C:\WINDOWS\System32\gdi32full.dll
0x00007ffedb2d0000 - 0x00007ffedb563000 	C:\WINDOWS\WinSxS\amd64_microsoft.windows.common-controls_6595b64144ccf1df_6.0.22621.3672_none_2713b9d173822955\COMCTL32.dll
0x00007ffef1b10000 - 0x00007ffef1baa000 	C:\WINDOWS\System32\msvcp_win.dll
0x00007ffee9970000 - 0x00007ffee997a000 	C:\WINDOWS\SYSTEM32\VERSION.dll
0x00007ffef2f10000 - 0x00007ffef2f41000 	C:\WINDOWS\System32\IMM32.DLL
0x00007ffeebba0000 - 0x00007ffeebbac000 	C:\Program Files\Java\jdk-17\bin\vcruntime140_1.dll
0x00007ffeccc20000 - 0x00007ffecccae000 	C:\Program Files\Java\jdk-17\bin\msvcp140.dll
0x00007ffe78670000 - 0x00007ffe79250000 	C:\Program Files\Java\jdk-17\bin\server\jvm.dll
0x00007ffef4530000 - 0x00007ffef4538000 	C:\WINDOWS\System32\PSAPI.DLL
0x00007ffed0580000 - 0x00007ffed0589000 	C:\WINDOWS\SYSTEM32\WSOCK32.dll
0x00007ffeeaf80000 - 0x00007ffeeafb4000 	C:\WINDOWS\SYSTEM32\WINMM.dll
0x00007ffef3e10000 - 0x00007ffef3e81000 	C:\WINDOWS\System32\WS2_32.dll
0x00007ffef0a40000 - 0x00007ffef0a58000 	C:\WINDOWS\SYSTEM32\kernel.appcore.dll
0x00007ffeccc10000 - 0x00007ffeccc1a000 	C:\Program Files\Java\jdk-17\bin\jimage.dll
0x00007ffef0010000 - 0x00007ffef0242000 	C:\WINDOWS\SYSTEM32\DBGHELP.DLL
0x00007ffef4180000 - 0x00007ffef450e000 	C:\WINDOWS\System32\combase.dll
0x00007ffef4010000 - 0x00007ffef40e7000 	C:\WINDOWS\System32\OLEAUT32.dll
0x00007ffed66d0000 - 0x00007ffed6702000 	C:\WINDOWS\SYSTEM32\dbgcore.DLL
0x00007ffef1bb0000 - 0x00007ffef1c2b000 	C:\WINDOWS\System32\bcryptPrimitives.dll
0x00007ffebff40000 - 0x00007ffebff4e000 	C:\Program Files\Java\jdk-17\bin\instrument.dll
0x00007ffeccbe0000 - 0x00007ffeccc05000 	C:\Program Files\Java\jdk-17\bin\java.dll

dbghelp: loaded successfully - version: 4.0.5 - missing functions: none
symbol engine: initialized successfully - sym options: 0x614 - pdb path: .;C:\Program Files\Java\jdk-17\bin;C:\WINDOWS\SYSTEM32;C:\WINDOWS\WinSxS\amd64_microsoft.windows.common-controls_6595b64144ccf1df_6.0.22621.3672_none_2713b9d173822955;C:\Program Files\Java\jdk-17\bin\server

VM Arguments:
jvm_args: -javaagent:C:\Program Files\JetBrains\IntelliJ IDEA Community Edition 2024.1.4\lib\idea_rt.jar=50119:C:\Program Files\JetBrains\IntelliJ IDEA Community Edition 2024.1.4\bin -Dfile.encoding=UTF-8 
java_command: com.yaswanth.Searching
java_class_path (initial): C:\Java\Java Practice\LinearSearch\out\production\LinearSearch
Launcher Type: SUN_STANDARD

[Global flags]
     intx CICompilerCount                          = 3                                         {product} {ergonomic}
     uint ConcGCThreads                            = 1                                         {product} {ergonomic}
     uint G1ConcRefinementThreads                  = 4                                         {product} {ergonomic}
   size_t G1HeapRegionSize                         = 1048576                                   {product} {ergonomic}
    uintx GCDrainStackTargetSize                   = 64                                        {product} {ergonomic}
   size_t InitialHeapSize                          = 132120576                                 {product} {ergonomic}
   size_t MarkStackSize                            = 4194304                                   {product} {ergonomic}
   size_t MaxHeapSize                              = 2095054848                                {product} {ergonomic}
   size_t MinHeapDeltaBytes                        = 1048576                                   {product} {ergonomic}
   size_t MinHeapSize                              = 8388608                                   {product} {ergonomic}
    uintx NonNMethodCodeHeapSize                   = 5832780                                {pd product} {ergonomic}
    uintx NonProfiledCodeHeapSize                  = 122912730                              {pd product} {ergonomic}
    uintx ProfiledCodeHeapSize                     = 122912730                              {pd product} {ergonomic}
    uintx ReservedCodeCacheSize                    = 251658240                              {pd product} {ergonomic}
     bool SegmentedCodeCache                       = true                                      {product} {ergonomic}
   size_t SoftMaxHeapSize                          = 2095054848                             {manageable} {ergonomic}
     bool UseCompressedClassPointers               = true                           {product lp64_product} {ergonomic}
     bool UseCompressedOops                        = true                           {product lp64_product} {ergonomic}
     bool UseG1GC                                  = true                                      {product} {ergonomic}
     bool UseLargePagesIndividualAllocation        = false                                  {pd product} {ergonomic}

Logging:
Log output configuration:
 #0: stdout all=warning uptime,level,tags
 #1: stderr all=off uptime,level,tags

Environment Variables:
PATH=C:\Python310\Scripts\;C:\Python310\;C:\Program Files\Common Files\Oracle\Java\javapath;C:\WINDOWS\system32;C:\WINDOWS;C:\WINDOWS\System32\Wbem;C:\WINDOWS\System32\WindowsPowerShell\v1.0\;C:\WINDOWS\System32\OpenSSH\;C:\Program Files\Git\cmd;C:\Program Files\nodejs\;C:\Program Files\Java\jdk-17\bin;C:\Users\pyred\AppData\Local\Programs\Python\Python312\Scripts\;C:\Users\pyred\AppData\Local\Programs\Python\Python312\;C:\Users\pyred\AppData\Local\Microsoft\WindowsApps;;C:\Users\pyred\AppData\Local\Programs\Microsoft VS Code\bin;C:\Program Files\JetBrains\PyCharm Community Edition 2022.2.1\bin;;C:\Users\pyred\AppData\Local\Microsoft\WinGet\Packages\Schniz.fnm_Microsoft.Winget.Source_8wekyb3d8bbwe;C:\Users\pyred\AppData\Roaming\npm;C:\Program Files\JetBrains\IntelliJ IDEA Community Edition 2024.1.4\bin;
USERNAME=pyred
OS=Windows_NT
PROCESSOR_IDENTIFIER=Intel64 Family 6 Model 140 Stepping 1, GenuineIntel



---------------  S Y S T E M  ---------------

OS:
 Windows 11 , 64 bit Build 22621 (10.0.22621.3958)
OS uptime: 0 days 0:21 hours

CPU: total 4 (initial active 4) (2 cores per cpu, 2 threads per core) family 6 model 140 stepping 1 microcode 0x9a, cx8, cmov, fxsr, ht, mmx, 3dnowpref, sse, sse2, sse3, ssse3, sse4.1, sse4.2, popcnt, lzcnt, tsc, tscinvbit, avx, avx2, aes, erms, clmul, bmi1, bmi2, adx, avx512f, avx512dq, avx512cd, avx512bw, avx512vl, sha, fma, vzeroupper, avx512_vpopcntdq, avx512_vpclmulqdq, avx512_vaes, avx512_vnni, clflush, clflushopt, clwb, avx512_vbmi2, avx512_vbmi

Memory: 4k page, system-wide physical 7991M (1257M free)
TotalPageFile size 7991M (AvailPageFile size 43M)
current process WorkingSet (physical memory assigned to process): 11M, peak: 11M
current process commit charge ("private bytes"): 52M, peak: 177M

vm_info: Java HotSpot(TM) 64-Bit Server VM (17.0.12+8-LTS-286) for windows-amd64 JRE (17.0.12+8-LTS-286), built on Jun  5 2024 06:46:59 by "mach5one" with MS VC++ 17.6 (VS2022)

END.
